<?xml version="1.0" encoding="UTF-8"?>
<testsuite xmlns:xsi="http://www.w3.org/2001/XMLSchema-instance" xsi:noNamespaceSchemaLocation="https://maven.apache.org/surefire/maven-surefire-plugin/xsd/surefire-test-report-3.0.xsd" version="3.0" name="com.company_name.automation.project.project_name.runners.TestRunner" time="36.6" tests="1" errors="0" skipped="0" failures="1">
  <properties>
[...]
</properties>
  <testcase name="Open website and validate page loads successfully" classname="Website Navigation and Validation" time="29.049">
    <failure message="Page header title is not displayed" type="java.lang.AssertionError"><![CDATA[java.lang.AssertionError: Page header title is not displayed
	at org.junit.Assert.fail(Assert.java:89)
	at org.junit.Assert.assertTrue(Assert.java:42)
	at org.junit.Assert.assertFalse(Assert.java:65)
	at com.company_name.automation.project.project_name.steps.FirstStepFile.userValidatesThatPageHeaderTitleIsNotEmpty(FirstStepFile.java:33)
	at ✽.User validates that the page header title is not empty(file:///D:/Selenium%20Java%20Cucumber%20Project/Automation_Project/src/test/resources/project/project_name/first.feature:8)
]]></failure>
    <system-out><![CDATA[
@browser @report @Test1
Scenario: Open website and validate page loads successfully  # src/test/resources/project/project_name/first.feature:5
  Given User opens the application                           # com.company_name.automation.project.project_name.steps.FirstStepFile.userOpensTheApplication()
  When User waits for page to load                           # com.company_name.automation.project.project_name.steps.FirstStepFile.userWaitsForPageToLoad()
  And User validates that the page header title is not empty # com.company_name.automation.project.project_name.steps.FirstStepFile.userValidatesThatPageHeaderTitleIsNotEmpty()
      java.lang.AssertionError: Page header title is not displayed
	at org.junit.Assert.fail(Assert.java:89)
	at org.junit.Assert.assertTrue(Assert.java:42)
	at org.junit.Assert.assertFalse(Assert.java:65)
	at com.company_name.automation.project.project_name.steps.FirstStepFile.userValidatesThatPageHeaderTitleIsNotEmpty(FirstStepFile.java:33)
	at ✽.User validates that the page header title is not empty(file:///D:/Selenium%20Java%20Cucumber%20Project/Automation_Project/src/test/resources/project/project_name/first.feature:8)


    Embedding Screenshot [text/plain 32 bytes]

]]></system-out>
    <system-err><![CDATA[log4j:WARN No appenders could be found for logger (io.github.bonigarcia.wdm.WebDriverManager).
log4j:WARN Please initialize the log4j system properly.
log4j:WARN See http://logging.apache.org/log4j/1.2/faq.html#noconfig for more info.
Apr 23, 2026 11:39:05 PM org.openqa.selenium.devtools.CdpVersionFinder findNearestMatch
WARNING: Unable to find CDP implementation matching 147
Apr 23, 2026 11:39:05 PM org.openqa.selenium.chromium.ChromiumDriver lambda$new$5
WARNING: Unable to find version of CDP to use for 147.0.7727.102. You may need to include a dependency on a specific version of the CDP using something similar to `org.seleniumhq.selenium:selenium-devtools-v86:4.15.0` where the version ("v86") matches the version of the chromium-based browser you're using and the version number of the artifact is the same as Selenium's.
]]></system-err>
  </testcase>
</testsuite>